# JRE version: OpenJDK Runtime Environment Microsoft-8035246 (17.0.8+7) (build 17.0.8+7-LTS)
# Java VM: OpenJDK 64-Bit Server VM Microsoft-8035246 (17.0.8+7-LTS, mixed mode, sharing, tiered, compressed oops, compressed class ptrs, g1 gc, windows-amd64)
GC Precious Log:
 CPUs: 8 total, 8 available
 Memory: 20331M
 Large Page Support: Disabled
 NUMA Support: Disabled
 Compressed Oops: Enabled (32-bit)
 Heap Region Size: 1M
 Heap Min Capacity: 8M
 Heap Initial Capacity: 318M
 Heap Max Capacity: 2G
 Pre-touch: Disabled
 Parallel Workers: 8
 Concurrent Workers: 2
 Concurrent Refinement Workers: 8
 Periodic GC: Disabled
Heap:
 garbage-first heap   total 287744K, used 210091K [0x0000000080000000, 0x0000000100000000)
  region size 1024K, 12 young (12288K), 3 survivors (3072K)
 Metaspace       used 107371K, committed 108608K, reserved 557056K
  class space    used 14896K, committed 15488K, reserved 425984K
GC Heap History (20 events):
Event: 61.191 GC heap before
{Heap before GC invocations=66 (full 0):
 garbage-first heap   total 239616K, used 197671K [0x0000000080000000, 0x0000000100000000)
  region size 1024K, 33 young (33792K), 6 survivors (6144K)
 Metaspace       used 99915K, committed 100992K, reserved 557056K
  class space    used 13981K, committed 14464K, reserved 425984K
}
Event: 61.201 GC heap after
{Heap after GC invocations=67 (full 0):
 garbage-first heap   total 239616K, used 174925K [0x0000000080000000, 0x0000000100000000)
  region size 1024K, 3 young (3072K), 3 survivors (3072K)
 Metaspace       used 99915K, committed 100992K, reserved 557056K
  class space    used 13981K, committed 14464K, reserved 425984K
}
Event: 61.789 GC heap before
{Heap before GC invocations=67 (full 0):
 garbage-first heap   total 239616K, used 200525K [0x0000000080000000, 0x0000000100000000)
  region size 1024K, 29 young (29696K), 3 survivors (3072K)
 Metaspace       used 102185K, committed 103296K, reserved 557056K
  class space    used 14316K, committed 14848K, reserved 425984K
}
Event: 61.795 GC heap after
{Heap after GC invocations=68 (full 0):
 garbage-first heap   total 239616K, used 176695K [0x0000000080000000, 0x0000000100000000)
  region size 1024K, 2 young (2048K), 2 survivors (2048K)
 Metaspace       used 102185K, committed 103296K, reserved 557056K
  class space    used 14316K, committed 14848K, reserved 425984K
}
Event: 62.525 GC heap before
{Heap before GC invocations=68 (full 0):
 garbage-first heap   total 239616K, used 202295K [0x0000000080000000, 0x0000000100000000)
  region size 1024K, 28 young (28672K), 2 survivors (2048K)
 Metaspace       used 103194K, committed 104320K, reserved 557056K
  class space    used 14441K, committed 14976K, reserved 425984K
}
Event: 62.532 GC heap after
{Heap after GC invocations=69 (full 0):
 garbage-first heap   total 239616K, used 180441K [0x0000000080000000, 0x0000000100000000)
  region size 1024K, 4 young (4096K), 4 survivors (4096K)
 Metaspace       used 103194K, committed 104320K, reserved 557056K
  class space    used 14441K, committed 14976K, reserved 425984K
}
Event: 62.909 GC heap before
{Heap before GC invocations=69 (full 0):
 garbage-first heap   total 239616K, used 203993K [0x0000000080000000, 0x0000000100000000)
  region size 1024K, 27 young (27648K), 4 survivors (4096K)
 Metaspace       used 103621K, committed 104768K, reserved 557056K
  class space    used 14479K, committed 15040K, reserved 425984K
}
Event: 62.919 GC heap after
{Heap after GC invocations=70 (full 0):
 garbage-first heap   total 239616K, used 183618K [0x0000000080000000, 0x0000000100000000)
  region size 1024K, 3 young (3072K), 3 survivors (3072K)
 Metaspace       used 103621K, committed 104768K, reserved 557056K
  class space    used 14479K, committed 15040K, reserved 425984K
}
Event: 63.375 GC heap before
{Heap before GC invocations=70 (full 0):
 garbage-first heap   total 239616K, used 205122K [0x0000000080000000, 0x0000000100000000)
  region size 1024K, 24 young (24576K), 3 survivors (3072K)
 Metaspace       used 103718K, committed 104960K, reserved 557056K
  class space    used 14479K, committed 15040K, reserved 425984K
}
Event: 63.382 GC heap after
{Heap after GC invocations=71 (full 0):
 garbage-first heap   total 239616K, used 185546K [0x0000000080000000, 0x0000000100000000)
  region size 1024K, 3 young (3072K), 3 survivors (3072K)
 Metaspace       used 103718K, committed 104960K, reserved 557056K
  class space    used 14479K, committed 15040K, reserved 425984K
}
Event: 63.734 GC heap before
{Heap before GC invocations=71 (full 0):
 garbage-first heap   total 239616K, used 205002K [0x0000000080000000, 0x0000000100000000)
  region size 1024K, 22 young (22528K), 3 survivors (3072K)
 Metaspace       used 103868K, committed 105088K, reserved 557056K
  class space    used 14493K, committed 15040K, reserved 425984K
}
Event: 63.742 GC heap after
{Heap after GC invocations=72 (full 0):
 garbage-first heap   total 239616K, used 187924K [0x0000000080000000, 0x0000000100000000)
  region size 1024K, 3 young (3072K), 3 survivors (3072K)
 Metaspace       used 103868K, committed 105088K, reserved 557056K
  class space    used 14493K, committed 15040K, reserved 425984K
}
Event: 63.997 GC heap before
{Heap before GC invocations=72 (full 0):
 garbage-first heap   total 239616K, used 205332K [0x0000000080000000, 0x0000000100000000)
  region size 1024K, 21 young (21504K), 3 survivors (3072K)
 Metaspace       used 104333K, committed 105536K, reserved 557056K
  class space    used 14529K, committed 15104K, reserved 425984K
}
Event: 64.006 GC heap after
{Heap after GC invocations=73 (full 0):
 garbage-first heap   total 287744K, used 190372K [0x0000000080000000, 0x0000000100000000)
  region size 1024K, 3 young (3072K), 3 survivors (3072K)
 Metaspace       used 104333K, committed 105536K, reserved 557056K
  class space    used 14529K, committed 15104K, reserved 425984K
}
Event: 65.157 GC heap before
{Heap before GC invocations=73 (full 0):
 garbage-first heap   total 287744K, used 244644K [0x0000000080000000, 0x0000000100000000)
  region size 1024K, 52 young (53248K), 3 survivors (3072K)
 Metaspace       used 106644K, committed 107840K, reserved 557056K
  class space    used 14805K, committed 15360K, reserved 425984K
}
Event: 65.165 GC heap after
{Heap after GC invocations=74 (full 0):
 garbage-first heap   total 287744K, used 194222K [0x0000000080000000, 0x0000000100000000)
  region size 1024K, 7 young (7168K), 7 survivors (7168K)
 Metaspace       used 106644K, committed 107840K, reserved 557056K
  class space    used 14805K, committed 15360K, reserved 425984K
}
Event: 66.217 GC heap before
{Heap before GC invocations=74 (full 0):
 garbage-first heap   total 287744K, used 240302K [0x0000000080000000, 0x0000000100000000)
  region size 1024K, 53 young (54272K), 7 survivors (7168K)
 Metaspace       used 107330K, committed 108608K, reserved 557056K
  class space    used 14896K, committed 15488K, reserved 425984K
}
Event: 66.233 GC heap after
{Heap after GC invocations=75 (full 0):
 garbage-first heap   total 287744K, used 199097K [0x0000000080000000, 0x0000000100000000)
  region size 1024K, 5 young (5120K), 5 survivors (5120K)
 Metaspace       used 107330K, committed 108608K, reserved 557056K
  class space    used 14896K, committed 15488K, reserved 425984K
}
Event: 66.952 GC heap before
{Heap before GC invocations=75 (full 0):
 garbage-first heap   total 287744K, used 242105K [0x0000000080000000, 0x0000000100000000)
  region size 1024K, 48 young (49152K), 5 survivors (5120K)
 Metaspace       used 107366K, committed 108608K, reserved 557056K
  class space    used 14896K, committed 15488K, reserved 425984K
}
Event: 66.960 GC heap after
{Heap after GC invocations=76 (full 0):
 garbage-first heap   total 287744K, used 201899K [0x0000000080000000, 0x0000000100000000)
  region size 1024K, 3 young (3072K), 3 survivors (3072K)
 Metaspace       used 107366K, committed 108608K, reserved 557056K
  class space    used 14896K, committed 15488K, reserved 425984K
}

